CloudMonitor DEBUG 2018-04-03 05:11:43,394 [volatility_monitor_server.py:642] ============[OK] server start up!=============
Volatility Foundation Volatility Framework 2.5
Volatility Foundation Volatility Framework 2.5
CloudMonitor DEBUG 2018-04-03 05:11:50,010 [volatility_monitor_server.py:82] 2018-04-03 05:11:49 b209afc4-0687-4bcf-9a90-ff824d000001 linux_ifconfig
Volatility Foundation Volatility Framework 2.5
CloudMonitor DEBUG 2018-04-03 05:11:51,270 [volatility_monitor_server.py:175] 2018-04-03 05:11:47 b209afc4-0687-4bcf-9a90-ff824d000001 linux_lsmod
CloudMonitor DEBUG 2018-04-03 05:11:51,480 [volatility_monitor_server.py:121] 2018-04-03 05:11:51 b209afc4-0687-4bcf-9a90-ff824d000001 linux_arp
Volatility Foundation Volatility Framework 2.5
CloudMonitor DEBUG 2018-04-03 05:11:55,164 [volatility_monitor_server.py:152] 2018-04-03 05:11:50 b209afc4-0687-4bcf-9a90-ff824d000001 linux_pslist
CloudMonitor DEBUG 2018-04-03 05:11:57,968 [volatility_monitor_server.py:82] 2018-04-03 05:11:57 b209afc4-0687-4bcf-9a90-ff824d000001 linux_ifconfig
Volatility Foundation Volatility Framework 2.5
CloudMonitor DEBUG 2018-04-03 05:11:59,496 [volatility_monitor_server.py:175] 2018-04-03 05:11:56 b209afc4-0687-4bcf-9a90-ff824d000001 linux_lsmod
CloudMonitor DEBUG 2018-04-03 05:12:00,506 [volatility_monitor_server.py:121] 2018-04-03 05:12:00 b209afc4-0687-4bcf-9a90-ff824d000001 linux_arp
Volatility Foundation Volatility Framework 2.5
CloudMonitor DEBUG 2018-04-03 05:12:06,062 [volatility_monitor_server.py:82] 2018-04-03 05:12:05 b209afc4-0687-4bcf-9a90-ff824d000001 linux_ifconfig
Volatility Foundation Volatility Framework 2.5
CloudMonitor DEBUG 2018-04-03 05:12:09,272 [volatility_monitor_server.py:121] 2018-04-03 05:12:09 b209afc4-0687-4bcf-9a90-ff824d000001 linux_arp
CloudMonitor DEBUG 2018-04-03 05:12:10,064 [volatility_monitor_server.py:152] 2018-04-03 05:12:03 b209afc4-0687-4bcf-9a90-ff824d000001 linux_pslist
CloudMonitor DEBUG 2018-04-03 05:12:10,248 [volatility_monitor_server.py:175] 2018-04-03 05:12:04 b209afc4-0687-4bcf-9a90-ff824d000001 linux_lsmod
Volatility Foundation Volatility Framework 2.5
CloudMonitor DEBUG 2018-04-03 05:12:14,214 [volatility_monitor_server.py:82] 2018-04-03 05:12:14 b209afc4-0687-4bcf-9a90-ff824d000001 linux_ifconfig
Volatility Foundation Volatility Framework 2.5
CloudMonitor DEBUG 2018-04-03 05:12:18,473 [volatility_monitor_server.py:121] 2018-04-03 05:12:18 b209afc4-0687-4bcf-9a90-ff824d000001 linux_arp
CloudMonitor DEBUG 2018-04-03 05:12:19,107 [volatility_monitor_server.py:175] 2018-04-03 05:12:15 b209afc4-0687-4bcf-9a90-ff824d000001 linux_lsmod
Volatility Foundation Volatility Framework 2.5
CloudMonitor DEBUG 2018-04-03 05:12:21,806 [volatility_monitor_server.py:82] 2018-04-03 05:12:21 b209afc4-0687-4bcf-9a90-ff824d000001 linux_ifconfig
CloudMonitor DEBUG 2018-04-03 05:12:22,633 [volatility_monitor_server.py:152] 2018-04-03 05:12:17 b209afc4-0687-4bcf-9a90-ff824d000001 linux_pslist
Volatility Foundation Volatility Framework 2.5
CloudMonitor DEBUG 2018-04-03 05:12:27,532 [volatility_monitor_server.py:121] 2018-04-03 05:12:27 b209afc4-0687-4bcf-9a90-ff824d000001 linux_arp
CloudMonitor DEBUG 2018-04-03 05:12:27,890 [volatility_monitor_server.py:175] 2018-04-03 05:12:24 b209afc4-0687-4bcf-9a90-ff824d000001 linux_lsmod
Volatility Foundation Volatility Framework 2.5
CloudMonitor DEBUG 2018-04-03 05:12:30,216 [volatility_monitor_server.py:82] 2018-04-03 05:12:30 b209afc4-0687-4bcf-9a90-ff824d000001 linux_ifconfig
Volatility Foundation Volatility Framework 2.5
CloudMonitor DEBUG 2018-04-03 05:12:35,587 [volatility_monitor_server.py:152] 2018-04-03 05:12:30 b209afc4-0687-4bcf-9a90-ff824d000001 linux_pslist
CloudMonitor DEBUG 2018-04-03 05:12:36,272 [volatility_monitor_server.py:121] 2018-04-03 05:12:35 b209afc4-0687-4bcf-9a90-ff824d000001 linux_arp
Volatility Foundation Volatility Framework 2.5
CloudMonitor DEBUG 2018-04-03 05:12:37,825 [volatility_monitor_server.py:175] 2018-04-03 05:12:33 b209afc4-0687-4bcf-9a90-ff824d000001 linux_lsmod
CloudMonitor DEBUG 2018-04-03 05:12:37,985 [volatility_monitor_server.py:82] 2018-04-03 05:12:37 b209afc4-0687-4bcf-9a90-ff824d000001 linux_ifconfig
Volatility Foundation Volatility Framework 2.5
