monitor DEBUG 2018-04-11 06:11:26,308 [filesystem_monitor_server.py:258] ============[OK] server start up!=============
WARNING: Image format was not specified for '/mnt/disk/win7.qcow2' and probing guessed raw.
         Automatically detecting the format is dangerous for raw images, write operations on block 0 will be restricted.
         Specify the 'raw' format explicitly to remove the restrictions.
monitor DEBUG 2018-04-11 06:11:26,424 [filesystem_monitor_server.py:222] 2018-04-11-06:11:26 2c520928-3aae-057a-fb6b-3e06a8d261e1 files/2c520928-3aae-057a-fb6b-3e06a8d261e1_2018-04-11-06:11:26_lxc.txt
monitor DEBUG 2018-04-11 06:11:26,449 [filesystem_monitor_server.py:222] 2018-04-11-06:11:26 b209afc4-0687-4bcf-9a90-ff824d000001 files/b209afc4-0687-4bcf-9a90-ff824d000001_2018-04-11-06:11:26_lxc.txt
monitor DEBUG 2018-04-11 06:11:26,479 [filesystem_monitor_server.py:89] 2c520928-3aae-057a-fb6b-3e06a8d261e1_2018-04-11-06:11:26_SYSTEM
WARNING: Image format was not specified for '/mnt/disk/win7.qcow2' and probing guessed raw.
         Automatically detecting the format is dangerous for raw images, write operations on block 0 will be restricted.
         Specify the 'raw' format explicitly to remove the restrictions.
monitor DEBUG 2018-04-11 06:11:27,630 [filesystem_monitor_server.py:222] 2018-04-11-06:11:27 b209afc4-0687-4bcf-9a90-ff824d000001 files/b209afc4-0687-4bcf-9a90-ff824d000001_2018-04-11-06:11:27_lxc.txt
monitor DEBUG 2018-04-11 06:11:27,646 [filesystem_monitor_server.py:222] 2018-04-11-06:11:27 2c520928-3aae-057a-fb6b-3e06a8d261e1 files/2c520928-3aae-057a-fb6b-3e06a8d261e1_2018-04-11-06:11:27_lxc.txt
monitor DEBUG 2018-04-11 06:11:27,703 [filesystem_monitor_server.py:89] 2c520928-3aae-057a-fb6b-3e06a8d261e1_2018-04-11-06:11:27_SYSTEM
WARNING: Image format was not specified for '/mnt/disk/win7.qcow2' and probing guessed raw.
         Automatically detecting the format is dangerous for raw images, write operations on block 0 will be restricted.
         Specify the 'raw' format explicitly to remove the restrictions.
monitor DEBUG 2018-04-11 06:11:28,813 [filesystem_monitor_server.py:222] 2018-04-11-06:11:28 b209afc4-0687-4bcf-9a90-ff824d000001 files/b209afc4-0687-4bcf-9a90-ff824d000001_2018-04-11-06:11:28_lxc.txt
monitor DEBUG 2018-04-11 06:11:28,855 [filesystem_monitor_server.py:222] 2018-04-11-06:11:28 2c520928-3aae-057a-fb6b-3e06a8d261e1 files/2c520928-3aae-057a-fb6b-3e06a8d261e1_2018-04-11-06:11:28_lxc.txt
monitor DEBUG 2018-04-11 06:11:28,918 [filesystem_monitor_server.py:89] 2c520928-3aae-057a-fb6b-3e06a8d261e1_2018-04-11-06:11:28_SYSTEM
WARNING: Image format was not specified for '/mnt/disk/win7.qcow2' and probing guessed raw.
         Automatically detecting the format is dangerous for raw images, write operations on block 0 will be restricted.
         Specify the 'raw' format explicitly to remove the restrictions.
monitor DEBUG 2018-04-11 06:11:30,050 [filesystem_monitor_server.py:222] 2018-04-11-06:11:30 b209afc4-0687-4bcf-9a90-ff824d000001 files/b209afc4-0687-4bcf-9a90-ff824d000001_2018-04-11-06:11:30_lxc.txt
Did not find any restart pages in $LogFile and it was not empty.
The file system wasn't safely closed on Windows. Fixing.
monitor DEBUG 2018-04-11 06:11:31,295 [filesystem_monitor_server.py:222] 2018-04-11-06:11:31 b209afc4-0687-4bcf-9a90-ff824d000001 files/b209afc4-0687-4bcf-9a90-ff824d000001_2018-04-11-06:11:31_lxc.txt
monitor DEBUG 2018-04-11 06:11:31,486 [filesystem_monitor_server.py:222] 2018-04-11-06:11:31 2c520928-3aae-057a-fb6b-3e06a8d261e1 files/2c520928-3aae-057a-fb6b-3e06a8d261e1_2018-04-11-06:11:31_lxc.txt
monitor DEBUG 2018-04-11 06:11:31,556 [filesystem_monitor_server.py:89] 2c520928-3aae-057a-fb6b-3e06a8d261e1_2018-04-11-06:11:31_SYSTEM
monitor DEBUG 2018-04-11 06:11:32,638 [filesystem_monitor_server.py:222] 2018-04-11-06:11:32 b209afc4-0687-4bcf-9a90-ff824d000001 files/b209afc4-0687-4bcf-9a90-ff824d000001_2018-04-11-06:11:32_lxc.txt
WARNING: Image format was not specified for '/mnt/disk/win7.qcow2' and probing guessed raw.
         Automatically detecting the format is dangerous for raw images, write operations on block 0 will be restricted.
         Specify the 'raw' format explicitly to remove the restrictions.
monitor DEBUG 2018-04-11 06:11:32,759 [filesystem_monitor_server.py:222] 2018-04-11-06:11:32 2c520928-3aae-057a-fb6b-3e06a8d261e1 files/2c520928-3aae-057a-fb6b-3e06a8d261e1_2018-04-11-06:11:32_lxc.txt
monitor DEBUG 2018-04-11 06:11:32,819 [filesystem_monitor_server.py:89] 2c520928-3aae-057a-fb6b-3e06a8d261e1_2018-04-11-06:11:32_SYSTEM
monitor DEBUG 2018-04-11 06:11:33,855 [filesystem_monitor_server.py:222] 2018-04-11-06:11:33 b209afc4-0687-4bcf-9a90-ff824d000001 files/b209afc4-0687-4bcf-9a90-ff824d000001_2018-04-11-06:11:33_lxc.txt
WARNING: Image format was not specified for '/mnt/disk/win7.qcow2' and probing guessed raw.
         Automatically detecting the format is dangerous for raw images, write operations on block 0 will be restricted.
         Specify the 'raw' format explicitly to remove the restrictions.
monitor DEBUG 2018-04-11 06:11:34,196 [filesystem_monitor_server.py:222] 2018-04-11-06:11:34 2c520928-3aae-057a-fb6b-3e06a8d261e1 files/2c520928-3aae-057a-fb6b-3e06a8d261e1_2018-04-11-06:11:34_lxc.txt
monitor DEBUG 2018-04-11 06:11:34,262 [filesystem_monitor_server.py:89] 2c520928-3aae-057a-fb6b-3e06a8d261e1_2018-04-11-06:11:34_SYSTEM
monitor DEBUG 2018-04-11 06:11:35,082 [filesystem_monitor_server.py:222] 2018-04-11-06:11:35 b209afc4-0687-4bcf-9a90-ff824d000001 files/b209afc4-0687-4bcf-9a90-ff824d000001_2018-04-11-06:11:35_lxc.txt
WARNING: Image format was not specified for '/mnt/disk/win7.qcow2' and probing guessed raw.
         Automatically detecting the format is dangerous for raw images, write operations on block 0 will be restricted.
         Specify the 'raw' format explicitly to remove the restrictions.
The disk contains an unclean file system (0, 0).
The file system wasn't safely closed on Windows. Fixing.
monitor DEBUG 2018-04-11 06:11:36,331 [filesystem_monitor_server.py:222] 2018-04-11-06:11:36 b209afc4-0687-4bcf-9a90-ff824d000001 files/b209afc4-0687-4bcf-9a90-ff824d000001_2018-04-11-06:11:36_lxc.txt
monitor DEBUG 2018-04-11 06:11:36,794 [filesystem_monitor_server.py:222] 2018-04-11-06:11:36 2c520928-3aae-057a-fb6b-3e06a8d261e1 files/2c520928-3aae-057a-fb6b-3e06a8d261e1_2018-04-11-06:11:36_lxc.txt
monitor DEBUG 2018-04-11 06:11:37,871 [filesystem_monitor_server.py:222] 2018-04-11-06:11:37 b209afc4-0687-4bcf-9a90-ff824d000001 files/b209afc4-0687-4bcf-9a90-ff824d000001_2018-04-11-06:11:37_lxc.txt
WARNING: Image format was not specified for '/mnt/disk/win7.qcow2' and probing guessed raw.
         Automatically detecting the format is dangerous for raw images, write operations on block 0 will be restricted.
         Specify the 'raw' format explicitly to remove the restrictions.
monitor DEBUG 2018-04-11 06:11:37,974 [filesystem_monitor_server.py:222] 2018-04-11-06:11:37 2c520928-3aae-057a-fb6b-3e06a8d261e1 files/2c520928-3aae-057a-fb6b-3e06a8d261e1_2018-04-11-06:11:37_lxc.txt
WARNING: Image format was not specified for '/mnt/disk/win7.qcow2' and probing guessed raw.
         Automatically detecting the format is dangerous for raw images, write operations on block 0 will be restricted.
         Specify the 'raw' format explicitly to remove the restrictions.
monitor DEBUG 2018-04-11 06:11:39,107 [filesystem_monitor_server.py:222] 2018-04-11-06:11:39 b209afc4-0687-4bcf-9a90-ff824d000001 files/b209afc4-0687-4bcf-9a90-ff824d000001_2018-04-11-06:11:39_lxc.txt
monitor DEBUG 2018-04-11 06:11:39,139 [filesystem_monitor_server.py:222] 2018-04-11-06:11:39 2c520928-3aae-057a-fb6b-3e06a8d261e1 files/2c520928-3aae-057a-fb6b-3e06a8d261e1_2018-04-11-06:11:39_lxc.txt
WARNING: Image format was not specified for '/mnt/disk/win7.qcow2' and probing guessed raw.
         Automatically detecting the format is dangerous for raw images, write operations on block 0 will be restricted.
         Specify the 'raw' format explicitly to remove the restrictions.
monitor DEBUG 2018-04-11 06:11:40,338 [filesystem_monitor_server.py:222] 2018-04-11-06:11:40 b209afc4-0687-4bcf-9a90-ff824d000001 files/b209afc4-0687-4bcf-9a90-ff824d000001_2018-04-11-06:11:40_lxc.txt
monitor DEBUG 2018-04-11 06:11:40,358 [filesystem_monitor_server.py:222] 2018-04-11-06:11:40 2c520928-3aae-057a-fb6b-3e06a8d261e1 files/2c520928-3aae-057a-fb6b-3e06a8d261e1_2018-04-11-06:11:40_lxc.txt
WARNING: Image format was not specified for '/mnt/disk/win7.qcow2' and probing guessed raw.
         Automatically detecting the format is dangerous for raw images, write operations on block 0 will be restricted.
         Specify the 'raw' format explicitly to remove the restrictions.
monitor DEBUG 2018-04-11 06:11:41,559 [filesystem_monitor_server.py:222] 2018-04-11-06:11:41 2c520928-3aae-057a-fb6b-3e06a8d261e1 files/2c520928-3aae-057a-fb6b-3e06a8d261e1_2018-04-11-06:11:41_lxc.txt
monitor DEBUG 2018-04-11 06:11:41,777 [filesystem_monitor_server.py:222] 2018-04-11-06:11:41 b209afc4-0687-4bcf-9a90-ff824d000001 files/b209afc4-0687-4bcf-9a90-ff824d000001_2018-04-11-06:11:41_lxc.txt
WARNING: Image format was not specified for '/mnt/disk/win7.qcow2' and probing guessed raw.
         Automatically detecting the format is dangerous for raw images, write operations on block 0 will be restricted.
         Specify the 'raw' format explicitly to remove the restrictions.
monitor DEBUG 2018-04-11 06:11:42,723 [filesystem_monitor_server.py:222] 2018-04-11-06:11:42 2c520928-3aae-057a-fb6b-3e06a8d261e1 files/2c520928-3aae-057a-fb6b-3e06a8d261e1_2018-04-11-06:11:42_lxc.txt
monitor DEBUG 2018-04-11 06:11:43,021 [filesystem_monitor_server.py:222] 2018-04-11-06:11:43 b209afc4-0687-4bcf-9a90-ff824d000001 files/b209afc4-0687-4bcf-9a90-ff824d000001_2018-04-11-06:11:43_lxc.txt
WARNING: Image format was not specified for '/mnt/disk/win7.qcow2' and probing guessed raw.
         Automatically detecting the format is dangerous for raw images, write operations on block 0 will be restricted.
         Specify the 'raw' format explicitly to remove the restrictions.
monitor DEBUG 2018-04-11 06:11:43,962 [filesystem_monitor_server.py:222] 2018-04-11-06:11:43 2c520928-3aae-057a-fb6b-3e06a8d261e1 files/2c520928-3aae-057a-fb6b-3e06a8d261e1_2018-04-11-06:11:43_lxc.txt
monitor DEBUG 2018-04-11 06:11:44,274 [filesystem_monitor_server.py:222] 2018-04-11-06:11:44 b209afc4-0687-4bcf-9a90-ff824d000001 files/b209afc4-0687-4bcf-9a90-ff824d000001_2018-04-11-06:11:44_lxc.txt
WARNING: Image format was not specified for '/mnt/disk/win7.qcow2' and probing guessed raw.
         Automatically detecting the format is dangerous for raw images, write operations on block 0 will be restricted.
         Specify the 'raw' format explicitly to remove the restrictions.
The disk contains an unclean file system (0, 0).
The file system wasn't safely closed on Windows. Fixing.
monitor DEBUG 2018-04-11 06:11:45,574 [filesystem_monitor_server.py:222] 2018-04-11-06:11:45 b209afc4-0687-4bcf-9a90-ff824d000001 files/b209afc4-0687-4bcf-9a90-ff824d000001_2018-04-11-06:11:45_lxc.txt
monitor DEBUG 2018-04-11 06:11:46,558 [filesystem_monitor_server.py:222] 2018-04-11-06:11:46 2c520928-3aae-057a-fb6b-3e06a8d261e1 files/2c520928-3aae-057a-fb6b-3e06a8d261e1_2018-04-11-06:11:46_lxc.txt
monitor DEBUG 2018-04-11 06:11:47,065 [filesystem_monitor_server.py:222] 2018-04-11-06:11:47 b209afc4-0687-4bcf-9a90-ff824d000001 files/b209afc4-0687-4bcf-9a90-ff824d000001_2018-04-11-06:11:47_lxc.txt
WARNING: Image format was not specified for '/mnt/disk/win7.qcow2' and probing guessed raw.
         Automatically detecting the format is dangerous for raw images, write operations on block 0 will be restricted.
         Specify the 'raw' format explicitly to remove the restrictions.
monitor DEBUG 2018-04-11 06:11:47,745 [filesystem_monitor_server.py:222] 2018-04-11-06:11:47 2c520928-3aae-057a-fb6b-3e06a8d261e1 files/2c520928-3aae-057a-fb6b-3e06a8d261e1_2018-04-11-06:11:47_lxc.txt
monitor DEBUG 2018-04-11 06:11:48,341 [filesystem_monitor_server.py:222] 2018-04-11-06:11:48 b209afc4-0687-4bcf-9a90-ff824d000001 files/b209afc4-0687-4bcf-9a90-ff824d000001_2018-04-11-06:11:48_lxc.txt
WARNING: Image format was not specified for '/mnt/disk/win7.qcow2' and probing guessed raw.
         Automatically detecting the format is dangerous for raw images, write operations on block 0 will be restricted.
         Specify the 'raw' format explicitly to remove the restrictions.
monitor DEBUG 2018-04-11 06:11:48,916 [filesystem_monitor_server.py:222] 2018-04-11-06:11:48 2c520928-3aae-057a-fb6b-3e06a8d261e1 files/2c520928-3aae-057a-fb6b-3e06a8d261e1_2018-04-11-06:11:48_lxc.txt
monitor DEBUG 2018-04-11 06:11:49,619 [filesystem_monitor_server.py:222] 2018-04-11-06:11:49 b209afc4-0687-4bcf-9a90-ff824d000001 files/b209afc4-0687-4bcf-9a90-ff824d000001_2018-04-11-06:11:49_lxc.txt
WARNING: Image format was not specified for '/mnt/disk/win7.qcow2' and probing guessed raw.
         Automatically detecting the format is dangerous for raw images, write operations on block 0 will be restricted.
         Specify the 'raw' format explicitly to remove the restrictions.
monitor DEBUG 2018-04-11 06:11:50,120 [filesystem_monitor_server.py:222] 2018-04-11-06:11:50 2c520928-3aae-057a-fb6b-3e06a8d261e1 files/2c520928-3aae-057a-fb6b-3e06a8d261e1_2018-04-11-06:11:50_lxc.txt
monitor DEBUG 2018-04-11 06:11:51,070 [filesystem_monitor_server.py:222] 2018-04-11-06:11:51 b209afc4-0687-4bcf-9a90-ff824d000001 files/b209afc4-0687-4bcf-9a90-ff824d000001_2018-04-11-06:11:51_lxc.txt
WARNING: Image format was not specified for '/mnt/disk/win7.qcow2' and probing guessed raw.
         Automatically detecting the format is dangerous for raw images, write operations on block 0 will be restricted.
         Specify the 'raw' format explicitly to remove the restrictions.
monitor DEBUG 2018-04-11 06:11:51,315 [filesystem_monitor_server.py:222] 2018-04-11-06:11:51 2c520928-3aae-057a-fb6b-3e06a8d261e1 files/2c520928-3aae-057a-fb6b-3e06a8d261e1_2018-04-11-06:11:51_lxc.txt
monitor DEBUG 2018-04-11 06:11:52,403 [filesystem_monitor_server.py:222] 2018-04-11-06:11:52 b209afc4-0687-4bcf-9a90-ff824d000001 files/b209afc4-0687-4bcf-9a90-ff824d000001_2018-04-11-06:11:52_lxc.txt
WARNING: Image format was not specified for '/mnt/disk/win7.qcow2' and probing guessed raw.
         Automatically detecting the format is dangerous for raw images, write operations on block 0 will be restricted.
         Specify the 'raw' format explicitly to remove the restrictions.
monitor DEBUG 2018-04-11 06:11:52,529 [filesystem_monitor_server.py:222] 2018-04-11-06:11:52 2c520928-3aae-057a-fb6b-3e06a8d261e1 files/2c520928-3aae-057a-fb6b-3e06a8d261e1_2018-04-11-06:11:52_lxc.txt
monitor DEBUG 2018-04-11 06:11:53,020 [filesystem_monitor_server.py:145] rm success
WARNING: Image format was not specified for '/mnt/disk/win7.qcow2' and probing guessed raw.
         Automatically detecting the format is dangerous for raw images, write operations on block 0 will be restricted.
         Specify the 'raw' format explicitly to remove the restrictions.
monitor DEBUG 2018-04-11 06:11:53,648 [filesystem_monitor_server.py:222] 2018-04-11-06:11:53 b209afc4-0687-4bcf-9a90-ff824d000001 files/b209afc4-0687-4bcf-9a90-ff824d000001_2018-04-11-06:11:53_lxc.txt
monitor DEBUG 2018-04-11 06:11:53,714 [filesystem_monitor_server.py:222] 2018-04-11-06:11:53 2c520928-3aae-057a-fb6b-3e06a8d261e1 files/2c520928-3aae-057a-fb6b-3e06a8d261e1_2018-04-11-06:11:53_lxc.txt
monitor DEBUG 2018-04-11 06:11:54,083 [filesystem_monitor_server.py:145] rm success
WARNING: Image format was not specified for '/mnt/disk/win7.qcow2' and probing guessed raw.
         Automatically detecting the format is dangerous for raw images, write operations on block 0 will be restricted.
         Specify the 'raw' format explicitly to remove the restrictions.
The disk contains an unclean file system (0, 0).
The file system wasn't safely closed on Windows. Fixing.
monitor DEBUG 2018-04-11 06:11:54,911 [filesystem_monitor_server.py:222] 2018-04-11-06:11:54 b209afc4-0687-4bcf-9a90-ff824d000001 files/b209afc4-0687-4bcf-9a90-ff824d000001_2018-04-11-06:11:54_lxc.txt
monitor DEBUG 2018-04-11 06:11:55,144 [filesystem_monitor_server.py:145] rm success
monitor DEBUG 2018-04-11 06:11:56,205 [filesystem_monitor_server.py:145] rm success
monitor DEBUG 2018-04-11 06:11:56,315 [filesystem_monitor_server.py:222] 2018-04-11-06:11:56 2c520928-3aae-057a-fb6b-3e06a8d261e1 files/2c520928-3aae-057a-fb6b-3e06a8d261e1_2018-04-11-06:11:56_lxc.txt
monitor DEBUG 2018-04-11 06:11:56,390 [filesystem_monitor_server.py:89] 2c520928-3aae-057a-fb6b-3e06a8d261e1_2018-04-11-06:11:56_SYSTEM
monitor DEBUG 2018-04-11 06:11:56,466 [filesystem_monitor_server.py:222] 2018-04-11-06:11:56 b209afc4-0687-4bcf-9a90-ff824d000001 files/b209afc4-0687-4bcf-9a90-ff824d000001_2018-04-11-06:11:56_lxc.txt
monitor DEBUG 2018-04-11 06:11:57,270 [filesystem_monitor_server.py:145] rm success
WARNING: Image format was not specified for '/mnt/disk/win7.qcow2' and probing guessed raw.
         Automatically detecting the format is dangerous for raw images, write operations on block 0 will be restricted.
         Specify the 'raw' format explicitly to remove the restrictions.
monitor DEBUG 2018-04-11 06:11:57,561 [filesystem_monitor_server.py:222] 2018-04-11-06:11:57 2c520928-3aae-057a-fb6b-3e06a8d261e1 files/2c520928-3aae-057a-fb6b-3e06a8d261e1_2018-04-11-06:11:57_lxc.txt
monitor DEBUG 2018-04-11 06:11:57,636 [filesystem_monitor_server.py:89] 2c520928-3aae-057a-fb6b-3e06a8d261e1_2018-04-11-06:11:57_SYSTEM
monitor DEBUG 2018-04-11 06:11:57,723 [filesystem_monitor_server.py:222] 2018-04-11-06:11:57 b209afc4-0687-4bcf-9a90-ff824d000001 files/b209afc4-0687-4bcf-9a90-ff824d000001_2018-04-11-06:11:57_lxc.txt
monitor DEBUG 2018-04-11 06:11:58,328 [filesystem_monitor_server.py:145] rm success
WARNING: Image format was not specified for '/mnt/disk/win7.qcow2' and probing guessed raw.
         Automatically detecting the format is dangerous for raw images, write operations on block 0 will be restricted.
         Specify the 'raw' format explicitly to remove the restrictions.
monitor DEBUG 2018-04-11 06:11:58,802 [filesystem_monitor_server.py:222] 2018-04-11-06:11:58 2c520928-3aae-057a-fb6b-3e06a8d261e1 files/2c520928-3aae-057a-fb6b-3e06a8d261e1_2018-04-11-06:11:58_lxc.txt
monitor DEBUG 2018-04-11 06:11:58,874 [filesystem_monitor_server.py:89] 2c520928-3aae-057a-fb6b-3e06a8d261e1_2018-04-11-06:11:58_SYSTEM
monitor DEBUG 2018-04-11 06:11:58,962 [filesystem_monitor_server.py:222] 2018-04-11-06:11:58 b209afc4-0687-4bcf-9a90-ff824d000001 files/b209afc4-0687-4bcf-9a90-ff824d000001_2018-04-11-06:11:58_lxc.txt
monitor DEBUG 2018-04-11 06:11:59,389 [filesystem_monitor_server.py:145] rm success
WARNING: Image format was not specified for '/mnt/disk/win7.qcow2' and probing guessed raw.
         Automatically detecting the format is dangerous for raw images, write operations on block 0 will be restricted.
         Specify the 'raw' format explicitly to remove the restrictions.
monitor DEBUG 2018-04-11 06:12:00,062 [filesystem_monitor_server.py:222] 2018-04-11-06:12:00 2c520928-3aae-057a-fb6b-3e06a8d261e1 files/2c520928-3aae-057a-fb6b-3e06a8d261e1_2018-04-11-06:12:00_lxc.txt
monitor DEBUG 2018-04-11 06:12:00,125 [filesystem_monitor_server.py:89] 2c520928-3aae-057a-fb6b-3e06a8d261e1_2018-04-11-06:12:00_SYSTEM
monitor DEBUG 2018-04-11 06:12:00,178 [filesystem_monitor_server.py:222] 2018-04-11-06:12:00 b209afc4-0687-4bcf-9a90-ff824d000001 files/b209afc4-0687-4bcf-9a90-ff824d000001_2018-04-11-06:12:00_lxc.txt
monitor DEBUG 2018-04-11 06:12:00,497 [filesystem_monitor_server.py:145] rm success
WARNING: Image format was not specified for '/mnt/disk/win7.qcow2' and probing guessed raw.
         Automatically detecting the format is dangerous for raw images, write operations on block 0 will be restricted.
         Specify the 'raw' format explicitly to remove the restrictions.
monitor DEBUG 2018-04-11 06:12:01,295 [filesystem_monitor_server.py:222] 2018-04-11-06:12:01 2c520928-3aae-057a-fb6b-3e06a8d261e1 files/2c520928-3aae-057a-fb6b-3e06a8d261e1_2018-04-11-06:12:01_lxc.txt
monitor DEBUG 2018-04-11 06:12:01,363 [filesystem_monitor_server.py:89] 2c520928-3aae-057a-fb6b-3e06a8d261e1_2018-04-11-06:12:01_SYSTEM
monitor DEBUG 2018-04-11 06:12:01,534 [filesystem_monitor_server.py:222] 2018-04-11-06:12:01 b209afc4-0687-4bcf-9a90-ff824d000001 files/b209afc4-0687-4bcf-9a90-ff824d000001_2018-04-11-06:12:01_lxc.txt
monitor DEBUG 2018-04-11 06:12:01,583 [filesystem_monitor_server.py:145] rm success
WARNING: Image format was not specified for '/mnt/disk/win7.qcow2' and probing guessed raw.
         Automatically detecting the format is dangerous for raw images, write operations on block 0 will be restricted.
         Specify the 'raw' format explicitly to remove the restrictions.
monitor DEBUG 2018-04-11 06:12:02,552 [filesystem_monitor_server.py:222] 2018-04-11-06:12:02 2c520928-3aae-057a-fb6b-3e06a8d261e1 files/2c520928-3aae-057a-fb6b-3e06a8d261e1_2018-04-11-06:12:02_lxc.txt
monitor DEBUG 2018-04-11 06:12:02,621 [filesystem_monitor_server.py:89] 2c520928-3aae-057a-fb6b-3e06a8d261e1_2018-04-11-06:12:02_SYSTEM
monitor DEBUG 2018-04-11 06:12:02,662 [filesystem_monitor_server.py:145] rm success
monitor DEBUG 2018-04-11 06:12:02,993 [filesystem_monitor_server.py:222] 2018-04-11-06:12:02 b209afc4-0687-4bcf-9a90-ff824d000001 files/b209afc4-0687-4bcf-9a90-ff824d000001_2018-04-11-06:12:02_lxc.txt
monitor DEBUG 2018-04-11 06:12:03,728 [filesystem_monitor_server.py:145] rm success
WARNING: Image format was not specified for '/mnt/disk/win7.qcow2' and probing guessed raw.
         Automatically detecting the format is dangerous for raw images, write operations on block 0 will be restricted.
         Specify the 'raw' format explicitly to remove the restrictions.
monitor DEBUG 2018-04-11 06:12:03,818 [filesystem_monitor_server.py:222] 2018-04-11-06:12:03 2c520928-3aae-057a-fb6b-3e06a8d261e1 files/2c520928-3aae-057a-fb6b-3e06a8d261e1_2018-04-11-06:12:03_lxc.txt
monitor DEBUG 2018-04-11 06:12:03,895 [filesystem_monitor_server.py:89] 2c520928-3aae-057a-fb6b-3e06a8d261e1_2018-04-11-06:12:03_SYSTEM
monitor DEBUG 2018-04-11 06:12:04,248 [filesystem_monitor_server.py:222] 2018-04-11-06:12:04 b209afc4-0687-4bcf-9a90-ff824d000001 files/b209afc4-0687-4bcf-9a90-ff824d000001_2018-04-11-06:12:04_lxc.txt
monitor DEBUG 2018-04-11 06:12:04,794 [filesystem_monitor_server.py:145] rm success
WARNING: Image format was not specified for '/mnt/disk/win7.qcow2' and probing guessed raw.
         Automatically detecting the format is dangerous for raw images, write operations on block 0 will be restricted.
         Specify the 'raw' format explicitly to remove the restrictions.
monitor DEBUG 2018-04-11 06:12:05,077 [filesystem_monitor_server.py:222] 2018-04-11-06:12:05 2c520928-3aae-057a-fb6b-3e06a8d261e1 files/2c520928-3aae-057a-fb6b-3e06a8d261e1_2018-04-11-06:12:05_lxc.txt
monitor DEBUG 2018-04-11 06:12:05,147 [filesystem_monitor_server.py:89] 2c520928-3aae-057a-fb6b-3e06a8d261e1_2018-04-11-06:12:05_SYSTEM
monitor DEBUG 2018-04-11 06:12:05,500 [filesystem_monitor_server.py:222] 2018-04-11-06:12:05 b209afc4-0687-4bcf-9a90-ff824d000001 files/b209afc4-0687-4bcf-9a90-ff824d000001_2018-04-11-06:12:05_lxc.txt
monitor DEBUG 2018-04-11 06:12:05,852 [filesystem_monitor_server.py:145] rm success
WARNING: Image format was not specified for '/mnt/disk/win7.qcow2' and probing guessed raw.
         Automatically detecting the format is dangerous for raw images, write operations on block 0 will be restricted.
         Specify the 'raw' format explicitly to remove the restrictions.
The disk contains an unclean file system (0, 0).
The file system wasn't safely closed on Windows. Fixing.
monitor DEBUG 2018-04-11 06:12:06,866 [filesystem_monitor_server.py:222] 2018-04-11-06:12:06 b209afc4-0687-4bcf-9a90-ff824d000001 files/b209afc4-0687-4bcf-9a90-ff824d000001_2018-04-11-06:12:06_lxc.txt
monitor DEBUG 2018-04-11 06:12:06,921 [filesystem_monitor_server.py:145] rm success
monitor DEBUG 2018-04-11 06:12:07,790 [filesystem_monitor_server.py:222] 2018-04-11-06:12:07 2c520928-3aae-057a-fb6b-3e06a8d261e1 files/2c520928-3aae-057a-fb6b-3e06a8d261e1_2018-04-11-06:12:07_lxc.txt
monitor DEBUG 2018-04-11 06:12:07,859 [filesystem_monitor_server.py:89] 2c520928-3aae-057a-fb6b-3e06a8d261e1_2018-04-11-06:12:07_SYSTEM
monitor DEBUG 2018-04-11 06:12:07,990 [filesystem_monitor_server.py:145] rm success
monitor DEBUG 2018-04-11 06:12:08,434 [filesystem_monitor_server.py:222] 2018-04-11-06:12:08 b209afc4-0687-4bcf-9a90-ff824d000001 files/b209afc4-0687-4bcf-9a90-ff824d000001_2018-04-11-06:12:08_lxc.txt
WARNING: Image format was not specified for '/mnt/disk/win7.qcow2' and probing guessed raw.
         Automatically detecting the format is dangerous for raw images, write operations on block 0 will be restricted.
         Specify the 'raw' format explicitly to remove the restrictions.
monitor DEBUG 2018-04-11 06:12:09,048 [filesystem_monitor_server.py:222] 2018-04-11-06:12:09 2c520928-3aae-057a-fb6b-3e06a8d261e1 files/2c520928-3aae-057a-fb6b-3e06a8d261e1_2018-04-11-06:12:09_lxc.txt
monitor DEBUG 2018-04-11 06:12:09,110 [filesystem_monitor_server.py:89] 2c520928-3aae-057a-fb6b-3e06a8d261e1_2018-04-11-06:12:09_SYSTEM
monitor DEBUG 2018-04-11 06:12:09,673 [filesystem_monitor_server.py:222] 2018-04-11-06:12:09 b209afc4-0687-4bcf-9a90-ff824d000001 files/b209afc4-0687-4bcf-9a90-ff824d000001_2018-04-11-06:12:09_lxc.txt
WARNING: Image format was not specified for '/mnt/disk/win7.qcow2' and probing guessed raw.
         Automatically detecting the format is dangerous for raw images, write operations on block 0 will be restricted.
         Specify the 'raw' format explicitly to remove the restrictions.
monitor DEBUG 2018-04-11 06:12:10,292 [filesystem_monitor_server.py:222] 2018-04-11-06:12:10 2c520928-3aae-057a-fb6b-3e06a8d261e1 files/2c520928-3aae-057a-fb6b-3e06a8d261e1_2018-04-11-06:12:10_lxc.txt
monitor DEBUG 2018-04-11 06:12:10,358 [filesystem_monitor_server.py:89] 2c520928-3aae-057a-fb6b-3e06a8d261e1_2018-04-11-06:12:10_SYSTEM
monitor DEBUG 2018-04-11 06:12:10,899 [filesystem_monitor_server.py:222] 2018-04-11-06:12:10 b209afc4-0687-4bcf-9a90-ff824d000001 files/b209afc4-0687-4bcf-9a90-ff824d000001_2018-04-11-06:12:10_lxc.txt
WARNING: Image format was not specified for '/mnt/disk/win7.qcow2' and probing guessed raw.
         Automatically detecting the format is dangerous for raw images, write operations on block 0 will be restricted.
         Specify the 'raw' format explicitly to remove the restrictions.
monitor DEBUG 2018-04-11 06:12:11,541 [filesystem_monitor_server.py:222] 2018-04-11-06:12:11 2c520928-3aae-057a-fb6b-3e06a8d261e1 files/2c520928-3aae-057a-fb6b-3e06a8d261e1_2018-04-11-06:12:11_lxc.txt
monitor DEBUG 2018-04-11 06:12:11,607 [filesystem_monitor_server.py:89] 2c520928-3aae-057a-fb6b-3e06a8d261e1_2018-04-11-06:12:11_SYSTEM
monitor DEBUG 2018-04-11 06:12:12,061 [filesystem_monitor_server.py:145] rm success
monitor DEBUG 2018-04-11 06:12:12,137 [filesystem_monitor_server.py:222] 2018-04-11-06:12:12 b209afc4-0687-4bcf-9a90-ff824d000001 files/b209afc4-0687-4bcf-9a90-ff824d000001_2018-04-11-06:12:12_lxc.txt
